<?xml version="1.0" encoding="UTF-8"?>
<coverage generated="1421675066">
  <project timestamp="1421675066">
    <file name="C:\wip\#utils\search-string-parser\src/LanguageToolsInterface.php">
      <metrics loc="43" ncloc="8" classes="0" methods="0" coveredmethods="0" conditionals="0" coveredconditionals="0" statements="0" coveredstatements="0" elements="0" coveredelements="0"/>
    </file>
    <package name="League\Floor9design\SearchStringParser">
      <file name="C:\wip\#utils\search-string-parser\src/ParserEn.php">
        <class name="ParserEn" namespace="League\Floor9design\SearchStringParser" fullPackage="League" category="None" package="League">
          <metrics methods="5" coveredmethods="3" conditionals="0" coveredconditionals="0" statements="25" coveredstatements="23" elements="30" coveredelements="26"/>
        </class>
        <line num="80" type="method" name="parse" crap="1" count="13"/>
        <line num="82" type="stmt" count="13"/>
        <line num="83" type="stmt" count="13"/>
        <line num="86" type="stmt" count="13"/>
        <line num="89" type="stmt" count="11"/>
        <line num="90" type="stmt" count="11"/>
        <line num="92" type="stmt" count="11"/>
        <line num="94" type="stmt" count="11"/>
        <line num="97" type="method" name="parseStems" crap="2" count="0"/>
        <line num="100" type="stmt" count="0"/>
        <line num="102" type="method" name="parseNGram" crap="2" count="0"/>
        <line num="105" type="stmt" count="0"/>
        <line num="117" type="method" name="findR1" crap="4" count="12"/>
        <line num="119" type="stmt" count="12"/>
        <line num="120" type="stmt" count="12"/>
        <line num="121" type="stmt" count="12"/>
        <line num="123" type="stmt" count="12"/>
        <line num="125" type="stmt" count="12"/>
        <line num="127" type="stmt" count="12"/>
        <line num="128" type="stmt" count="12"/>
        <line num="132" type="stmt" count="12"/>
        <line num="134" type="stmt" count="10"/>
        <line num="135" type="stmt" count="10"/>
        <line num="136" type="stmt" count="8"/>
        <line num="138" type="stmt" count="8"/>
        <line num="139" type="stmt" count="8"/>
        <line num="140" type="stmt" count="8"/>
        <line num="142" type="stmt" count="12"/>
        <line num="157" type="method" name="findR2" crap="1" count="6"/>
        <line num="158" type="stmt" count="6"/>
        <metrics loc="162" ncloc="66" classes="1" methods="5" coveredmethods="3" conditionals="0" coveredconditionals="0" statements="25" coveredstatements="23" elements="30" coveredelements="26"/>
      </file>
      <file name="C:\wip\#utils\search-string-parser\src/ParserImplementation.php">
        <class name="ParserImplementation" namespace="League\Floor9design\SearchStringParser" fullPackage="League" category="None" package="League">
          <metrics methods="11" coveredmethods="11" conditionals="0" coveredconditionals="0" statements="59" coveredstatements="59" elements="70" coveredelements="70"/>
        </class>
        <line num="63" type="method" name="getSearchStrings" crap="1" count="2"/>
        <line num="65" type="stmt" count="2"/>
        <line num="75" type="method" name="setSearchStrings" crap="1" count="26"/>
        <line num="77" type="stmt" count="26"/>
        <line num="78" type="stmt" count="26"/>
        <line num="85" type="method" name="getReturnStrings" crap="1" count="22"/>
        <line num="87" type="stmt" count="22"/>
        <line num="97" type="method" name="setReturnStrings" crap="1" count="22"/>
        <line num="99" type="stmt" count="22"/>
        <line num="100" type="stmt" count="22"/>
        <line num="107" type="method" name="getDelimiter" crap="1" count="23"/>
        <line num="109" type="stmt" count="23"/>
        <line num="120" type="method" name="setDelimiter" crap="2" count="42"/>
        <line num="122" type="stmt" count="42"/>
        <line num="123" type="stmt" count="42"/>
        <line num="124" type="stmt" count="42"/>
        <line num="126" type="stmt" count="2"/>
        <line num="135" type="method" name="__construct" crap="1" count="46"/>
        <line num="136" type="stmt" count="46"/>
        <line num="137" type="stmt" count="46"/>
        <line num="146" type="method" name="validateInput" crap="5" count="26"/>
        <line num="149" type="stmt" count="26"/>
        <line num="151" type="stmt" count="12"/>
        <line num="152" type="stmt" count="26"/>
        <line num="154" type="stmt" count="8"/>
        <line num="155" type="stmt" count="8"/>
        <line num="156" type="stmt" count="6"/>
        <line num="157" type="stmt" count="4"/>
        <line num="158" type="stmt" count="6"/>
        <line num="159" type="stmt" count="2"/>
        <line num="160" type="stmt" count="2"/>
        <line num="162" type="stmt" count="4"/>
        <line num="164" type="stmt" count="22"/>
        <line num="177" type="method" name="extractLiterals" crap="3" count="22"/>
        <line num="179" type="stmt" count="22"/>
        <line num="183" type="stmt" count="22"/>
        <line num="184" type="stmt" count="8"/>
        <line num="185" type="stmt" count="22"/>
        <line num="186" type="stmt" count="6"/>
        <line num="187" type="stmt" count="6"/>
        <line num="190" type="stmt" count="6"/>
        <line num="191" type="stmt" count="6"/>
        <line num="192" type="stmt" count="6"/>
        <line num="194" type="stmt" count="22"/>
        <line num="209" type="method" name="splitTerms" crap="5" count="22"/>
        <line num="211" type="stmt" count="22"/>
        <line num="216" type="stmt" count="22"/>
        <line num="217" type="stmt" count="8"/>
        <line num="218" type="stmt" count="22"/>
        <line num="219" type="stmt" count="6"/>
        <line num="220" type="stmt" count="6"/>
        <line num="221" type="stmt" count="6"/>
        <line num="222" type="stmt" count="6"/>
        <line num="225" type="stmt" count="22"/>
        <line num="228" type="stmt" count="22"/>
        <line num="229" type="stmt" count="20"/>
        <line num="231" type="stmt" count="20"/>
        <line num="232" type="stmt" count="20"/>
        <line num="233" type="stmt" count="20"/>
        <line num="234" type="stmt" count="20"/>
        <line num="235" type="stmt" count="22"/>
        <line num="245" type="method" name="recursiveArrayImplode" crap="3" count="8"/>
        <line num="246" type="stmt" count="8"/>
        <line num="247" type="stmt" count="8"/>
        <line num="248" type="stmt" count="8"/>
        <line num="249" type="stmt" count="2"/>
        <line num="250" type="stmt" count="2"/>
        <line num="251" type="stmt" count="8"/>
        <line num="253" type="stmt" count="8"/>
        <line num="254" type="stmt" count="8"/>
        <metrics loc="274" ncloc="118" classes="1" methods="11" coveredmethods="11" conditionals="0" coveredconditionals="0" statements="59" coveredstatements="59" elements="70" coveredelements="70"/>
      </file>
      <file name="C:\wip\#utils\search-string-parser\src/ParserSimple.php">
        <class name="ParserSimple" namespace="League\Floor9design\SearchStringParser" fullPackage="League" category="None" package="League">
          <metrics methods="1" coveredmethods="1" conditionals="0" coveredconditionals="0" statements="7" coveredstatements="7" elements="8" coveredelements="8"/>
        </class>
        <line num="52" type="method" name="parse" crap="1" count="13"/>
        <line num="54" type="stmt" count="13"/>
        <line num="56" type="stmt" count="13"/>
        <line num="59" type="stmt" count="13"/>
        <line num="62" type="stmt" count="11"/>
        <line num="63" type="stmt" count="11"/>
        <line num="65" type="stmt" count="11"/>
        <line num="67" type="stmt" count="11"/>
        <metrics loc="68" ncloc="20" classes="1" methods="1" coveredmethods="1" conditionals="0" coveredconditionals="0" statements="7" coveredstatements="7" elements="8" coveredelements="8"/>
      </file>
      <file name="C:\wip\#utils\search-string-parser\src/SearchStringParser.php">
        <class name="SearchStringParser" namespace="League\Floor9design\SearchStringParser" fullPackage="League" category="None" package="League">
          <metrics methods="6" coveredmethods="6" conditionals="0" coveredconditionals="0" statements="8" coveredstatements="8" elements="14" coveredelements="14"/>
        </class>
        <line num="51" type="method" name="__construct" crap="1" count="5"/>
        <line num="53" type="stmt" count="5"/>
        <line num="54" type="stmt" count="5"/>
        <line num="60" type="method" name="getDelimiter" crap="1" count="1"/>
        <line num="62" type="stmt" count="1"/>
        <line num="69" type="method" name="getParserImplementation" crap="1" count="4"/>
        <line num="71" type="stmt" count="4"/>
        <line num="80" type="method" name="setParserImplementation" crap="1" count="5"/>
        <line num="82" type="stmt" count="5"/>
        <line num="83" type="stmt" count="5"/>
        <line num="92" type="method" name="setDelimiter" crap="1" count="1"/>
        <line num="94" type="stmt" count="1"/>
        <line num="114" type="method" name="parse" crap="1" count="1"/>
        <line num="116" type="stmt" count="1"/>
        <metrics loc="117" ncloc="39" classes="1" methods="6" coveredmethods="6" conditionals="0" coveredconditionals="0" statements="8" coveredstatements="8" elements="14" coveredelements="14"/>
      </file>
    </package>
    <metrics files="5" loc="664" ncloc="251" classes="4" methods="23" coveredmethods="21" conditionals="0" coveredconditionals="0" statements="99" coveredstatements="97" elements="122" coveredelements="118"/>
  </project>
</coverage>
