<?xml version="1.0" encoding="UTF-8"?>
<testsuites>
  <testsuite name="tests/" tests="46" assertions="54" failures="0" errors="0" time="0.400064">
    <testsuite name="ParserEnTest" file="C:\wip\#utils\search-string-parser\tests\ParserEnTest.php" tests="26" assertions="30" failures="0" errors="0" time="0.182029">
      <testcase name="testAccessors" class="ParserEnTest" file="C:\wip\#utils\search-string-parser\tests\ParserEnTest.php" line="63" assertions="2" time="0.077016"/>
      <testcase name="testDelimiterException" class="ParserEnTest" file="C:\wip\#utils\search-string-parser\tests\ParserEnTest.php" line="88" assertions="2" time="0.013002"/>
      <testcase name="testParseStringSingleWord" class="ParserEnTest" file="C:\wip\#utils\search-string-parser\tests\ParserEnTest.php" line="101" assertions="1" time="0.008002"/>
      <testcase name="testParseStringMultiWord" class="ParserEnTest" file="C:\wip\#utils\search-string-parser\tests\ParserEnTest.php" line="118" assertions="1" time="0.020002"/>
      <testcase name="testParseArraySingleWord" class="ParserEnTest" file="C:\wip\#utils\search-string-parser\tests\ParserEnTest.php" line="138" assertions="1" time="0.000000"/>
      <testcase name="testParseIntSingle" class="ParserEnTest" file="C:\wip\#utils\search-string-parser\tests\ParserEnTest.php" line="161" assertions="1" time="0.004001"/>
      <testcase name="testParseFloatMulti" class="ParserEnTest" file="C:\wip\#utils\search-string-parser\tests\ParserEnTest.php" line="178" assertions="1" time="0.000000"/>
      <testcase name="testParseStringLiteral" class="ParserEnTest" file="C:\wip\#utils\search-string-parser\tests\ParserEnTest.php" line="201" assertions="1" time="0.010001"/>
      <testcase name="testParseStringNotLiteral" class="ParserEnTest" file="C:\wip\#utils\search-string-parser\tests\ParserEnTest.php" line="220" assertions="1" time="0.000000"/>
      <testcase name="testParseStringComplex" class="ParserEnTest" file="C:\wip\#utils\search-string-parser\tests\ParserEnTest.php" line="239" assertions="1" time="0.010001"/>
      <testcase name="testParseMultiDimensionalArraySingle" class="ParserEnTest" file="C:\wip\#utils\search-string-parser\tests\ParserEnTest.php" line="258" assertions="1" time="0.000000"/>
      <testcase name="testSearchExceptionObject" class="ParserEnTest" file="C:\wip\#utils\search-string-parser\tests\ParserEnTest.php" line="284" assertions="2" time="0.010001"/>
      <testcase name="testSearchExceptionBool" class="ParserEnTest" file="C:\wip\#utils\search-string-parser\tests\ParserEnTest.php" line="298" assertions="2" time="0.000000"/>
      <testcase name="testParseComplexComplex" class="ParserEnTest" file="C:\wip\#utils\search-string-parser\tests\ParserEnTest.php" line="311" assertions="1" time="0.010001"/>
      <testsuite name="ParserEnTest::testFindR1" tests="6" assertions="6" failures="0" errors="0" time="0.010001">
        <testcase name="testFindR1 with data set #0" assertions="1" time="0.000000"/>
        <testcase name="testFindR1 with data set #1" assertions="1" time="0.000000"/>
        <testcase name="testFindR1 with data set #2" assertions="1" time="0.000000"/>
        <testcase name="testFindR1 with data set #3" assertions="1" time="0.000000"/>
        <testcase name="testFindR1 with data set #4" assertions="1" time="0.000000"/>
        <testcase name="testFindR1 with data set #5" assertions="1" time="0.010001"/>
      </testsuite>
      <testsuite name="ParserEnTest::testFindR2" tests="6" assertions="6" failures="0" errors="0" time="0.010001">
        <testcase name="testFindR2 with data set #0" assertions="1" time="0.000000"/>
        <testcase name="testFindR2 with data set #1" assertions="1" time="0.000000"/>
        <testcase name="testFindR2 with data set #2" assertions="1" time="0.000000"/>
        <testcase name="testFindR2 with data set #3" assertions="1" time="0.000000"/>
        <testcase name="testFindR2 with data set #4" assertions="1" time="0.010001"/>
        <testcase name="testFindR2 with data set #5" assertions="1" time="0.000000"/>
      </testsuite>
    </testsuite>
    <testsuite name="ParserImplementationTest" file="C:\wip\#utils\search-string-parser\tests\ParserImplementationTest.php" tests="1" assertions="1" failures="0" errors="0" time="0.050005">
      <testcase name="testDelimiterAccessors" class="ParserImplementationTest" file="C:\wip\#utils\search-string-parser\tests\ParserImplementationTest.php" line="51" assertions="1" time="0.050005"/>
    </testsuite>
    <testsuite name="ParserSimpleTest" file="C:\wip\#utils\search-string-parser\tests\ParserSimpleTest.php" tests="14" assertions="18" failures="0" errors="0" time="0.040004">
      <testcase name="testAccessors" class="ParserSimpleTest" file="C:\wip\#utils\search-string-parser\tests\ParserSimpleTest.php" line="63" assertions="2" time="0.000000"/>
      <testcase name="testDelimiterException" class="ParserSimpleTest" file="C:\wip\#utils\search-string-parser\tests\ParserSimpleTest.php" line="88" assertions="2" time="0.000000"/>
      <testcase name="testParseStringSingleWord" class="ParserSimpleTest" file="C:\wip\#utils\search-string-parser\tests\ParserSimpleTest.php" line="101" assertions="1" time="0.000000"/>
      <testcase name="testParseStringMultiWord" class="ParserSimpleTest" file="C:\wip\#utils\search-string-parser\tests\ParserSimpleTest.php" line="118" assertions="1" time="0.000000"/>
      <testcase name="testParseArraySingleWord" class="ParserSimpleTest" file="C:\wip\#utils\search-string-parser\tests\ParserSimpleTest.php" line="138" assertions="1" time="0.010001"/>
      <testcase name="testParseIntSingle" class="ParserSimpleTest" file="C:\wip\#utils\search-string-parser\tests\ParserSimpleTest.php" line="161" assertions="1" time="0.000000"/>
      <testcase name="testParseFloatMulti" class="ParserSimpleTest" file="C:\wip\#utils\search-string-parser\tests\ParserSimpleTest.php" line="178" assertions="1" time="0.000000"/>
      <testcase name="testParseStringLiteral" class="ParserSimpleTest" file="C:\wip\#utils\search-string-parser\tests\ParserSimpleTest.php" line="201" assertions="1" time="0.000000"/>
      <testcase name="testParseStringNotLiteral" class="ParserSimpleTest" file="C:\wip\#utils\search-string-parser\tests\ParserSimpleTest.php" line="220" assertions="1" time="0.010001"/>
      <testcase name="testParseStringComplex" class="ParserSimpleTest" file="C:\wip\#utils\search-string-parser\tests\ParserSimpleTest.php" line="239" assertions="1" time="0.000000"/>
      <testcase name="testParseMultiDimensionalArraySingle" class="ParserSimpleTest" file="C:\wip\#utils\search-string-parser\tests\ParserSimpleTest.php" line="258" assertions="1" time="0.010001"/>
      <testcase name="testSearchExceptionObject" class="ParserSimpleTest" file="C:\wip\#utils\search-string-parser\tests\ParserSimpleTest.php" line="284" assertions="2" time="0.000000"/>
      <testcase name="testSearchExceptionBool" class="ParserSimpleTest" file="C:\wip\#utils\search-string-parser\tests\ParserSimpleTest.php" line="298" assertions="2" time="0.000000"/>
      <testcase name="testParseComplexComplex" class="ParserSimpleTest" file="C:\wip\#utils\search-string-parser\tests\ParserSimpleTest.php" line="311" assertions="1" time="0.010001"/>
    </testsuite>
    <testsuite name="SearchStringParserTest" file="C:\wip\#utils\search-string-parser\tests\SearchStringParserTest.php" tests="5" assertions="5" failures="0" errors="0" time="0.128026">
      <testcase name="testDependencyInjection" class="SearchStringParserTest" file="C:\wip\#utils\search-string-parser\tests\SearchStringParserTest.php" line="75" assertions="1" time="0.084016"/>
      <testcase name="testDependencyInjectionBad" class="SearchStringParserTest" file="C:\wip\#utils\search-string-parser\tests\SearchStringParserTest.php" line="90" assertions="1" time="0.005001"/>
      <testcase name="testParse" class="SearchStringParserTest" file="C:\wip\#utils\search-string-parser\tests\SearchStringParserTest.php" line="100" assertions="1" time="0.021005"/>
      <testcase name="testGetDelimiter" class="SearchStringParserTest" file="C:\wip\#utils\search-string-parser\tests\SearchStringParserTest.php" line="115" assertions="1" time="0.005001"/>
      <testcase name="testSetDelimiter" class="SearchStringParserTest" file="C:\wip\#utils\search-string-parser\tests\SearchStringParserTest.php" line="128" assertions="1" time="0.013003"/>
    </testsuite>
  </testsuite>
</testsuites>
