<?xml version="1.0" encoding="UTF-8"?>
<testsuites>
  <testsuite name="SearchStringParserTest" file="C:\wip\#utils\search-string-parser\tests\SearchStringParserTest.php" tests="14" assertions="18" failures="0" errors="0" time="0.077006">
    <testcase name="testAccessors" class="SearchStringParserTest" file="C:\wip\#utils\search-string-parser\tests\SearchStringParserTest.php" line="60" assertions="2" time="0.014001"/>
    <testcase name="testDelimiterException" class="SearchStringParserTest" file="C:\wip\#utils\search-string-parser\tests\SearchStringParserTest.php" line="85" assertions="2" time="0.003000"/>
    <testcase name="testParseStringSingleWord" class="SearchStringParserTest" file="C:\wip\#utils\search-string-parser\tests\SearchStringParserTest.php" line="98" assertions="1" time="0.005000"/>
    <testcase name="testParseStringMultiWord" class="SearchStringParserTest" file="C:\wip\#utils\search-string-parser\tests\SearchStringParserTest.php" line="115" assertions="1" time="0.005001"/>
    <testcase name="testParseArraySingleWord" class="SearchStringParserTest" file="C:\wip\#utils\search-string-parser\tests\SearchStringParserTest.php" line="135" assertions="1" time="0.005000"/>
    <testcase name="testParseIntSingle" class="SearchStringParserTest" file="C:\wip\#utils\search-string-parser\tests\SearchStringParserTest.php" line="158" assertions="1" time="0.004001"/>
    <testcase name="testParseFloatMulti" class="SearchStringParserTest" file="C:\wip\#utils\search-string-parser\tests\SearchStringParserTest.php" line="175" assertions="1" time="0.005000"/>
    <testcase name="testParseStringLiteral" class="SearchStringParserTest" file="C:\wip\#utils\search-string-parser\tests\SearchStringParserTest.php" line="198" assertions="1" time="0.005001"/>
    <testcase name="testParseStringNotLiteral" class="SearchStringParserTest" file="C:\wip\#utils\search-string-parser\tests\SearchStringParserTest.php" line="217" assertions="1" time="0.005000"/>
    <testcase name="testParseStringComplex" class="SearchStringParserTest" file="C:\wip\#utils\search-string-parser\tests\SearchStringParserTest.php" line="236" assertions="1" time="0.005001"/>
    <testcase name="testParseMultiDimensionalArraySingle" class="SearchStringParserTest" file="C:\wip\#utils\search-string-parser\tests\SearchStringParserTest.php" line="255" assertions="1" time="0.006000"/>
    <testcase name="testSearchExceptionObject" class="SearchStringParserTest" file="C:\wip\#utils\search-string-parser\tests\SearchStringParserTest.php" line="281" assertions="2" time="0.003001"/>
    <testcase name="testSearchExceptionBool" class="SearchStringParserTest" file="C:\wip\#utils\search-string-parser\tests\SearchStringParserTest.php" line="295" assertions="2" time="0.002000"/>
    <testcase name="testParseComplexComplex" class="SearchStringParserTest" file="C:\wip\#utils\search-string-parser\tests\SearchStringParserTest.php" line="308" assertions="1" time="0.010001"/>
  </testsuite>
</testsuites>
